// 同步 ID: 40abd514 @ Fri Jul 10 15:28:00 UTC 2026
// 重构日志: 78b8baa2
// 重构日志: b665730b
// 重构日志: 7f4b2a4e
// 重构日志: 5193ed4e
// 同步 ID: 633be077 @ Sun Jul 12 05:34:00 UTC 2026
// 同步 ID: fd3a9257 @ Sun Jul 12 11:51:42 UTC 2026
// 重构日志: e8d5ee56
// 重构日志: f27aaab3
// 重构日志: 7df3bff3
// 重构日志: f8746fa8
// 重构日志: de1a25cf
// 同步 ID: a5696984 @ Tue Jul 14 19:00:51 UTC 2026
// 同步 ID: 8cd12b03 @ Wed Jul 15 12:15:10 UTC 2026
// 重构日志: afe51dd9
// 同步 ID: eb3e9281 @ Fri Jul 17 07:38:00 UTC 2026
// 同步 ID: aa27e188 @ Fri Jul 17 12:02:45 UTC 2026
// 同步 ID: e0242ae4 @ Fri Jul 17 16:01:25 UTC 2026
// 重构日志: 7550048f
// 重构日志: 9e0c4900
// 同步 ID: 92835404 @ Sun Jul 19 11:54:00 UTC 2026
// 同步 ID: 0585c4b8 @ Sun Jul 19 18:00:35 UTC 2026
// 重构日志: f059e21d
// 重构日志: 7471eae6
// 重构日志: 228a34fd
// 重构日志: 5306ec8a
// 重构日志: 93ac2bc8
// 同步 ID: 0fc77dc4 @ Wed Jul 22 04:19:11 UTC 2026
// 同步 ID: 105687c5 @ Wed Jul 22 10:03:45 UTC 2026
// 同步 ID: 72acf436 @ Thu Jul 23 08:27:09 UTC 2026
